c:\users\tpaud\documents\visual studio 2015\projects\servercore\komorislib\x64\debug\komorislib.pch
c:\users\tpaud\documents\visual studio 2015\projects\servercore\komorislib\x64\debug\komorislib.pdb
c:\users\tpaud\documents\visual studio 2015\projects\servercore\komorislib\x64\debug\komorislib.idb
c:\users\tpaud\documents\visual studio 2015\projects\servercore\komorislib\x64\debug\stdafx.obj
c:\users\tpaud\documents\visual studio 2015\projects\servercore\komorislib\x64\debug\circularqueue.obj
c:\users\tpaud\documents\visual studio 2015\projects\servercore\komorislib\x64\debug\crypt.obj
c:\users\tpaud\documents\visual studio 2015\projects\servercore\komorislib\x64\debug\eventselect.obj
c:\users\tpaud\documents\visual studio 2015\projects\servercore\komorislib\x64\debug\iocp.obj
c:\users\tpaud\documents\visual studio 2015\projects\servercore\komorislib\x64\debug\minidump.obj
c:\users\tpaud\documents\visual studio 2015\projects\servercore\komorislib\x64\debug\networksession.obj
c:\users\tpaud\documents\visual studio 2015\projects\servercore\komorislib\x64\debug\packetsession.obj
c:\users\tpaud\documents\visual studio 2015\projects\servercore\komorislib\x64\debug\random.obj
c:\users\tpaud\documents\visual studio 2015\projects\servercore\komorislib\x64\debug\stream.obj
c:\users\tpaud\documents\visual studio 2015\projects\servercore\komorislib\x64\debug\clientsession.obj
c:\users\tpaud\documents\visual studio 2015\projects\servercore\komorislib\x64\debug\networkwrapping.obj
c:\users\tpaud\documents\visual studio 2015\projects\servercore\komorislib\x64\debug\packetwrapping.obj
c:\users\tpaud\documents\visual studio 2015\projects\servercore\x64\debug\komorislib.lib
c:\users\tpaud\documents\visual studio 2015\projects\servercore\x64\debug\komorislib.pdb
c:\users\tpaud\documents\visual studio 2015\projects\servercore\komorislib\x64\debug\komorislib.tlog\cl.command.1.tlog
c:\users\tpaud\documents\visual studio 2015\projects\servercore\komorislib\x64\debug\komorislib.tlog\cl.read.1.tlog
c:\users\tpaud\documents\visual studio 2015\projects\servercore\komorislib\x64\debug\komorislib.tlog\cl.write.1.tlog
c:\users\tpaud\documents\visual studio 2015\projects\servercore\komorislib\x64\debug\komorislib.tlog\lib-link.read.1.tlog
c:\users\tpaud\documents\visual studio 2015\projects\servercore\komorislib\x64\debug\komorislib.tlog\lib-link.write.1.tlog
c:\users\tpaud\documents\visual studio 2015\projects\servercore\komorislib\x64\debug\komorislib.tlog\lib.command.1.tlog
