c:\users\tpaud\documents\visual studio 2015\projects\servercore\server\x64\debug\server.pch
c:\users\tpaud\documents\visual studio 2015\projects\servercore\server\x64\debug\vc140.pdb
c:\users\tpaud\documents\visual studio 2015\projects\servercore\server\x64\debug\vc140.idb
c:\users\tpaud\documents\visual studio 2015\projects\servercore\server\x64\debug\stdafx.obj
c:\users\tpaud\documents\visual studio 2015\projects\servercore\server\x64\debug\connectedsession.obj
c:\users\tpaud\documents\visual studio 2015\projects\servercore\server\x64\debug\server.obj
c:\users\tpaud\documents\visual studio 2015\projects\servercore\server\x64\debug\sessionmanager.obj
c:\users\tpaud\documents\visual studio 2015\projects\servercore\server\x64\debug\serveriocp.obj
c:\users\tpaud\documents\visual studio 2015\projects\servercore\server\x64\debug\processprotocol.obj
c:\users\tpaud\documents\visual studio 2015\projects\servercore\server\x64\debug\dbmanager.obj
c:\users\tpaud\documents\visual studio 2015\projects\servercore\server\x64\debug\servermain.obj
c:\users\tpaud\documents\visual studio 2015\projects\servercore\server\x64\debug\iocpserver.obj
c:\users\tpaud\documents\visual studio 2015\projects\servercore\x64\debug\server.ilk
c:\users\tpaud\documents\visual studio 2015\projects\servercore\x64\debug\server.exe
c:\users\tpaud\documents\visual studio 2015\projects\servercore\x64\debug\server.pdb
c:\users\tpaud\documents\visual studio 2015\projects\servercore\server\x64\debug\server.tlog\cl.command.1.tlog
c:\users\tpaud\documents\visual studio 2015\projects\servercore\server\x64\debug\server.tlog\cl.read.1.tlog
c:\users\tpaud\documents\visual studio 2015\projects\servercore\server\x64\debug\server.tlog\cl.write.1.tlog
c:\users\tpaud\documents\visual studio 2015\projects\servercore\server\x64\debug\server.tlog\link.command.1.tlog
c:\users\tpaud\documents\visual studio 2015\projects\servercore\server\x64\debug\server.tlog\link.read.1.tlog
c:\users\tpaud\documents\visual studio 2015\projects\servercore\server\x64\debug\server.tlog\link.write.1.tlog
